<?xml version="1.0" encoding="UTF-8"?>
<!-- Generated by org.testng.reporters.JUnitXMLReporter -->
<testsuite hostname="DESKTOP-KJ4U1G6" ignored="1" name="LoginTest" tests="4" failures="0" timestamp="08 Sep 2019 04:18:53 GMT" time="29.358" errors="0">
  <testcase name="login" time="0.978" classname="login.LoginTest"/>
  <testcase name="login" time="5.794" classname="login.LoginTest"/>
  <testcase name="login" time="5.106" classname="login.LoginTest"/>
  <testcase name="guestLogin" time="2.734" classname="login.LoginTest"/>
  <testcase name="search" time="0.0" classname="login.LoginTest">
    <ignored/>
  </testcase> <!-- search -->
</testsuite> <!-- LoginTest -->
